[INFO][2018-12-11 16:17|:23][org.springframework.web.context.ContextLoader]Root WebApplicationContext: initialization started
[INFO][2018-12-11 16:17|:23][org.springframework.web.context.support.XmlWebApplicationContext]Refreshing Root WebApplicationContext: startup date [Tue Dec 11 16:17:23 CST 2018]; root of context hierarchy
[INFO][2018-12-11 16:17|:23][org.springframework.beans.factory.xml.XmlBeanDefinitionReader]Loading XML bean definitions from file [D:\三阶段资料\第一天\sssmProject\ssmWeb\target\classes\applicationContext-dao.xml]
[INFO][2018-12-11 16:17|:23][org.springframework.beans.factory.xml.XmlBeanDefinitionReader]Loading XML bean definitions from file [D:\三阶段资料\第一天\sssmProject\ssmWeb\target\classes\applicationContext-service.xml]
[INFO][2018-12-11 16:17|:24][org.springframework.context.support.PropertySourcesPlaceholderConfigurer]Loading properties file from file [D:\三阶段资料\第一天\sssmProject\ssmWeb\target\classes\jdbc.properties]
[INFO][2018-12-11 16:17|:24][org.springframework.context.support.PropertySourcesPlaceholderConfigurer]Loading properties file from file [D:\三阶段资料\第一天\sssmProject\ssmWeb\target\classes\log4j.properties]
[INFO][2018-12-11 16:17|:24][org.springframework.beans.factory.annotation.AutowiredAnnotationBeanPostProcessor]JSR-330 'javax.inject.Inject' annotation found and supported for autowiring
[INFO][2018-12-11 16:17|:24][com.alibaba.druid.pool.DruidDataSource]{dataSource-1} inited
[INFO][2018-12-11 16:17|:25][org.springframework.web.context.ContextLoader]Root WebApplicationContext: initialization completed in 2478 ms
[INFO][2018-12-11 16:17|:37][org.springframework.web.servlet.DispatcherServlet]FrameworkServlet 'springmvc': initialization started
[INFO][2018-12-11 16:17|:37][org.springframework.web.context.support.XmlWebApplicationContext]Refreshing WebApplicationContext for namespace 'springmvc-servlet': startup date [Tue Dec 11 16:17:37 CST 2018]; parent: Root WebApplicationContext
[INFO][2018-12-11 16:17|:37][org.springframework.beans.factory.xml.XmlBeanDefinitionReader]Loading XML bean definitions from class path resource [spring-mvc.xml]
[INFO][2018-12-11 16:17|:37][org.springframework.beans.factory.annotation.AutowiredAnnotationBeanPostProcessor]JSR-330 'javax.inject.Inject' annotation found and supported for autowiring
[INFO][2018-12-11 16:17|:38][org.springframework.web.servlet.mvc.method.annotation.RequestMappingHandlerMapping]Mapped "{[/userroleedit.do]}" onto public com.oa.model.ResultVo com.oa.controller.userController.up(java.lang.Integer,java.lang.Integer[])
[INFO][2018-12-11 16:17|:38][org.springframework.web.servlet.mvc.method.annotation.RequestMappingHandlerMapping]Mapped "{[/editroleauthority.do]}" onto public com.oa.model.ResultVo com.oa.controller.userController.res(java.lang.Integer,java.lang.Integer[])
[INFO][2018-12-11 16:17|:38][org.springframework.web.servlet.mvc.method.annotation.RequestMappingHandlerMapping]Mapped "{[/login.do]}" onto public java.lang.String com.oa.controller.userController.login(java.lang.String,java.lang.String,javax.servlet.http.HttpSession)
[INFO][2018-12-11 16:17|:38][org.springframework.web.servlet.mvc.method.annotation.RequestMappingHandlerMapping]Mapped "{[/usermenu.do]}" onto public java.util.List<com.oa.model.TauthorityVo> com.oa.controller.userController.userMenu(javax.servlet.http.HttpSession)
[INFO][2018-12-11 16:17|:38][org.springframework.web.servlet.mvc.method.annotation.RequestMappingHandlerMapping]Mapped "{[/userloginout.do]}" onto public java.lang.String com.oa.controller.userController.quitOut(javax.servlet.http.HttpSession)
[INFO][2018-12-11 16:17|:38][org.springframework.web.servlet.mvc.method.annotation.RequestMappingHandlerMapping]Mapped "{[/querySessionUser.do]}" onto public com.oa.model.TUser com.oa.controller.userController.querySessionUser(javax.servlet.http.HttpSession)
[INFO][2018-12-11 16:17|:38][org.springframework.web.servlet.mvc.method.annotation.RequestMappingHandlerMapping]Mapped "{[/uploadphoto.do]}" onto public java.util.Map<java.lang.String, java.lang.Object> com.oa.controller.userController.uploda(org.springframework.web.multipart.MultipartFile,javax.servlet.http.HttpServletRequest,javax.servlet.http.HttpSession) throws java.io.IOException
[INFO][2018-12-11 16:17|:38][org.springframework.web.servlet.mvc.method.annotation.RequestMappingHandlerMapping]Mapped "{[/updatepassword.do]}" onto public java.util.Map<java.lang.String, java.lang.Object> com.oa.controller.userController.updatepassword(javax.servlet.http.HttpSession,java.lang.String,java.lang.String)
[INFO][2018-12-11 16:17|:38][org.springframework.web.servlet.mvc.method.annotation.RequestMappingHandlerMapping]Mapped "{[/userall.do]}" onto public com.oa.model.ResultVo com.oa.controller.userController.queryAll(java.lang.Integer,java.lang.Integer,java.lang.Integer,java.lang.String)
[INFO][2018-12-11 16:17|:38][org.springframework.web.servlet.mvc.method.annotation.RequestMappingHandlerMapping]Mapped "{[/queryroleauthority.do]}" onto public com.oa.model.ResultVo com.oa.controller.userController.resultVo()
[INFO][2018-12-11 16:17|:38][org.springframework.web.servlet.mvc.method.annotation.RequestMappingHandlerMapping]Mapped "{[/activeuser.do]}" onto public com.oa.model.ResultVo com.oa.controller.userController.activeuser(java.lang.Integer,java.lang.Integer)
[INFO][2018-12-11 16:17|:38][org.springframework.web.servlet.mvc.method.annotation.RequestMappingHandlerMapping]Mapped "{[/allroles.do]}" onto public java.util.List<com.oa.model.TRole> com.oa.controller.userController.allroles()
[INFO][2018-12-11 16:17|:38][org.springframework.web.servlet.mvc.method.annotation.RequestMappingHandlerMapping]Mapped "{[/rolepage.do]}" onto public com.oa.model.ResultVo com.oa.controller.userController.queryrole(java.lang.Integer,java.lang.Integer)
[INFO][2018-12-11 16:17|:38][org.springframework.web.servlet.mvc.method.annotation.RequestMappingHandlerMapping]Mapped "{[/queryroleByid.do]}" onto public com.oa.model.TRole com.oa.controller.userController.tRole(java.lang.Integer)
[INFO][2018-12-11 16:17|:38][org.springframework.web.servlet.mvc.method.annotation.RequestMappingHandlerMapping]Mapped "{[/editrole.do]}" onto public java.lang.Object com.oa.controller.userController.troleupd(java.lang.String,java.lang.String,java.lang.String)
[INFO][2018-12-11 16:17|:38][org.springframework.web.servlet.mvc.method.annotation.RequestMappingHandlerMapping]Mapped "{[/roledel.do]}" onto public com.oa.model.ResultVo com.oa.controller.userController.troledel(java.lang.Integer)
[INFO][2018-12-11 16:17|:38][org.springframework.web.servlet.mvc.method.annotation.RequestMappingHandlerMapping]Mapped "{[/authpage.do]}" onto public com.oa.model.ResultVo com.oa.controller.userController.atuh()
[INFO][2018-12-11 16:17|:38][org.springframework.web.servlet.mvc.method.annotation.RequestMappingHandlerAdapter]Looking for @ControllerAdvice: WebApplicationContext for namespace 'springmvc-servlet': startup date [Tue Dec 11 16:17:37 CST 2018]; parent: Root WebApplicationContext
[INFO][2018-12-11 16:17|:38][org.springframework.web.servlet.mvc.method.annotation.RequestMappingHandlerAdapter]Looking for @ControllerAdvice: WebApplicationContext for namespace 'springmvc-servlet': startup date [Tue Dec 11 16:17:37 CST 2018]; parent: Root WebApplicationContext
[INFO][2018-12-11 16:17|:38][org.springframework.web.servlet.handler.SimpleUrlHandlerMapping]Mapped URL path [/**] onto handler 'org.springframework.web.servlet.resource.DefaultServletHttpRequestHandler#0'
[INFO][2018-12-11 16:17|:38][org.springframework.web.servlet.DispatcherServlet]FrameworkServlet 'springmvc': initialization completed in 1239 ms
[DEBUG][2018-12-11 16:17|:58][com.oa.mapper.TUserMapper.selectByExample]==>  Preparing: select id, no, password, name, flag, headphoto from t_user WHERE ( no = ? and password = ? ) 
[DEBUG][2018-12-11 16:17|:58][com.oa.mapper.TUserMapper.selectByExample]==> Parameters: admin(String), 27983e0eeae59d574ac285556edba24a(String)
[DEBUG][2018-12-11 16:17|:58][com.oa.mapper.TUserMapper.selectByExample]<==      Total: 1
[DEBUG][2018-12-11 16:17|:58][com.oa.mapper.TUserMapper.updateByPrimaryKeySelective]==>  Preparing: update t_user SET no = ?, password = ?, name = ?, flag = ?, headphoto = ? where id = ? 
[DEBUG][2018-12-11 16:17|:58][com.oa.mapper.TUserMapper.updateByPrimaryKeySelective]==> Parameters: admin(String), 27983e0eeae59d574ac285556edba24a(String), 管理员(String), 2(Integer), media/images/123.jpg(String), 1(Integer)
[DEBUG][2018-12-11 16:17|:58][com.oa.mapper.TUserMapper.updateByPrimaryKeySelective]<==    Updates: 1
[DEBUG][2018-12-11 16:17|:58][com.oa.mapper.TUserMapper.selectByPrimaryKey]==>  Preparing: select id, no, password, name, flag, headphoto from t_user where id = ? 
[DEBUG][2018-12-11 16:17|:58][com.oa.mapper.TUserMapper.selectByPrimaryKey]==> Parameters: 1(Integer)
[DEBUG][2018-12-11 16:17|:58][com.oa.mapper.TUserMapper.selectByPrimaryKey]<==      Total: 1
[DEBUG][2018-12-11 16:17|:59][com.oa.mapper.TUserMapper.queryMenu]==>  Preparing: select a.* from t_authority a left join t_roleauthority as ra on a.id=ra.aid left join t_userrole as ul on ul.rid=ra.rid where ul.uid =? and a.type=1 and a.parentId=0 group by a.id 
[DEBUG][2018-12-11 16:17|:59][com.oa.mapper.TUserMapper.queryMenu]==> Parameters: 1(Integer)
[DEBUG][2018-12-11 16:17|:59][com.oa.mapper.TUserMapper.queryMenu]<==      Total: 7
[DEBUG][2018-12-11 16:17|:59][com.oa.mapper.TUserMapper.queryChildMenu]==>  Preparing: select * from t_authority where parentId=? and type=1 
[DEBUG][2018-12-11 16:17|:59][com.oa.mapper.TUserMapper.queryChildMenu]==> Parameters: 3(Integer)
[DEBUG][2018-12-11 16:17|:59][com.oa.mapper.TUserMapper.queryChildMenu]<==      Total: 3
[DEBUG][2018-12-11 16:17|:59][com.oa.mapper.TUserMapper.queryChildMenu]==>  Preparing: select * from t_authority where parentId=? and type=1 
[DEBUG][2018-12-11 16:17|:59][com.oa.mapper.TUserMapper.queryChildMenu]==> Parameters: 4(Integer)
[DEBUG][2018-12-11 16:17|:59][com.oa.mapper.TUserMapper.queryChildMenu]<==      Total: 3
[DEBUG][2018-12-11 16:17|:59][com.oa.mapper.TUserMapper.queryChildMenu]==>  Preparing: select * from t_authority where parentId=? and type=1 
[DEBUG][2018-12-11 16:17|:59][com.oa.mapper.TUserMapper.queryChildMenu]==> Parameters: 5(Integer)
[DEBUG][2018-12-11 16:17|:59][com.oa.mapper.TUserMapper.queryChildMenu]<==      Total: 2
[DEBUG][2018-12-11 16:17|:59][com.oa.mapper.TUserMapper.queryChildMenu]==>  Preparing: select * from t_authority where parentId=? and type=1 
[DEBUG][2018-12-11 16:17|:59][com.oa.mapper.TUserMapper.queryChildMenu]==> Parameters: 6(Integer)
[DEBUG][2018-12-11 16:17|:59][com.oa.mapper.TUserMapper.queryChildMenu]<==      Total: 3
[DEBUG][2018-12-11 16:17|:59][com.oa.mapper.TUserMapper.queryChildMenu]==>  Preparing: select * from t_authority where parentId=? and type=1 
[DEBUG][2018-12-11 16:17|:59][com.oa.mapper.TUserMapper.queryChildMenu]==> Parameters: 7(Integer)
[DEBUG][2018-12-11 16:17|:59][com.oa.mapper.TUserMapper.queryChildMenu]<==      Total: 2
[DEBUG][2018-12-11 16:17|:59][com.oa.mapper.TUserMapper.queryChildMenu]==>  Preparing: select * from t_authority where parentId=? and type=1 
[DEBUG][2018-12-11 16:17|:59][com.oa.mapper.TUserMapper.queryChildMenu]==> Parameters: 8(Integer)
[DEBUG][2018-12-11 16:17|:59][com.oa.mapper.TUserMapper.queryChildMenu]<==      Total: 2
[DEBUG][2018-12-11 16:17|:59][com.oa.mapper.TUserMapper.queryChildMenu]==>  Preparing: select * from t_authority where parentId=? and type=1 
[DEBUG][2018-12-11 16:17|:59][com.oa.mapper.TUserMapper.queryChildMenu]==> Parameters: 9(Integer)
[DEBUG][2018-12-11 16:17|:59][com.oa.mapper.TUserMapper.queryChildMenu]<==      Total: 3
[DEBUG][2018-12-11 16:18|:04][com.oa.mapper.TUserMapper.countByExample]==>  Preparing: select count(*) from t_user 
[DEBUG][2018-12-11 16:18|:04][com.oa.mapper.TUserMapper.countByExample]==> Parameters: 
[DEBUG][2018-12-11 16:18|:04][com.oa.mapper.TUserMapper.countByExample]<==      Total: 1
[DEBUG][2018-12-11 16:18|:04][com.oa.mapper.TUserMapper.queryAllURv]==>  Preparing: select u.*,r.id as rid ,r.info ,r.name as rname,r.parentId from (select * from t_user limit 10 ) as u left join t_userrole as ur on u.id=ur.uid left join t_role as r on r.id=ur.rid 
[DEBUG][2018-12-11 16:18|:04][com.oa.mapper.TUserMapper.queryAllURv]==> Parameters: 
[DEBUG][2018-12-11 16:18|:04][com.oa.mapper.TUserMapper.queryAllURv]<==      Total: 13
[INFO][2018-12-17 09:19|:11][org.springframework.web.context.ContextLoader]Root WebApplicationContext: initialization started
[INFO][2018-12-17 09:19|:12][org.springframework.web.context.support.XmlWebApplicationContext]Refreshing Root WebApplicationContext: startup date [Mon Dec 17 09:19:12 CST 2018]; root of context hierarchy
[INFO][2018-12-17 09:19|:12][org.springframework.beans.factory.xml.XmlBeanDefinitionReader]Loading XML bean definitions from file [D:\三阶段资料\第一天\sssmProject\ssmWeb\target\classes\applicationContext-dao.xml]
[INFO][2018-12-17 09:19|:12][org.springframework.beans.factory.xml.XmlBeanDefinitionReader]Loading XML bean definitions from file [D:\三阶段资料\第一天\sssmProject\ssmWeb\target\classes\applicationContext-service.xml]
[INFO][2018-12-17 09:19|:12][org.springframework.context.support.PropertySourcesPlaceholderConfigurer]Loading properties file from file [D:\三阶段资料\第一天\sssmProject\ssmWeb\target\classes\jdbc.properties]
[INFO][2018-12-17 09:19|:12][org.springframework.context.support.PropertySourcesPlaceholderConfigurer]Loading properties file from file [D:\三阶段资料\第一天\sssmProject\ssmWeb\target\classes\log4j.properties]
[INFO][2018-12-17 09:19|:12][org.springframework.beans.factory.annotation.AutowiredAnnotationBeanPostProcessor]JSR-330 'javax.inject.Inject' annotation found and supported for autowiring
[INFO][2018-12-17 09:19|:13][com.alibaba.druid.pool.DruidDataSource]{dataSource-1} inited
[INFO][2018-12-17 09:19|:14][org.springframework.web.context.ContextLoader]Root WebApplicationContext: initialization completed in 2216 ms
